#-----------------------------------------------------------
# Vivado v2018.2.1 (64-bit)
# SW Build 2288692 on Thu Jul 26 18:24:02 MDT 2018
# IP Build 2289599 on Thu Jul 26 21:09:20 MDT 2018
# Start of session at: Mon Mar  4 18:54:21 2019
# Process ID: 7256
# Current directory: Z:/CS-401-1-CompArch/MIPS3/modified__mips_fpga_nexsys4_ddr
# Command line: vivado.exe -gui_launcher_event rodinguilauncherevent8552 Z:\CS-401-1-CompArch\MIPS3\modified__mips_fpga_nexsys4_ddr\mips.xpr
# Log file: Z:/CS-401-1-CompArch/MIPS3/modified__mips_fpga_nexsys4_ddr/vivado.log
# Journal file: Z:/CS-401-1-CompArch/MIPS3/modified__mips_fpga_nexsys4_ddr\vivado.jou
#-----------------------------------------------------------
start_gui
open_project Z:/CS-401-1-CompArch/MIPS3/modified__mips_fpga_nexsys4_ddr/mips.xpr
Scanning sources...
Finished scanning sources
INFO: [IP_Flow 19-234] Refreshing IP repositories
INFO: [IP_Flow 19-1704] No user IP repositories specified
INFO: [IP_Flow 19-2313] Loaded Vivado IP repository 'C:/Xilinx/Vivado/2018.2/data/ip'.
open_project: Time (s): cpu = 00:00:12 ; elapsed = 00:00:07 . Memory (MB): peak = 890.613 ; gain = 160.316
exit
INFO: [Common 17-206] Exiting Vivado at Mon Mar  4 19:03:53 2019...
