#-----------------------------------------------------------
# Vivado v2018.2.1 (64-bit)
# SW Build 2288692 on Thu Jul 26 18:24:02 MDT 2018
# IP Build 2289599 on Thu Jul 26 21:09:20 MDT 2018
# Start of session at: Tue Mar  5 17:34:09 2019
# Process ID: 1140
# Current directory: Z:/CS-401-1-CompArch/MIPS3/modified__mips_fpga_nexsys4_ddr
# Command line: vivado.exe -gui_launcher_event rodinguilauncherevent9744 Z:\CS-401-1-CompArch\MIPS3\modified__mips_fpga_nexsys4_ddr\mips.xpr
# Log file: Z:/CS-401-1-CompArch/MIPS3/modified__mips_fpga_nexsys4_ddr/vivado.log
# Journal file: Z:/CS-401-1-CompArch/MIPS3/modified__mips_fpga_nexsys4_ddr\vivado.jou
#-----------------------------------------------------------
start_gui
open_project Z:/CS-401-1-CompArch/MIPS3/modified__mips_fpga_nexsys4_ddr/mips.xpr
Scanning sources...
Finished scanning sources
INFO: [IP_Flow 19-234] Refreshing IP repositories
INFO: [IP_Flow 19-1704] No user IP repositories specified
INFO: [IP_Flow 19-2313] Loaded Vivado IP repository 'C:/Xilinx/Vivado/2018.2/data/ip'.
open_project: Time (s): cpu = 00:00:12 ; elapsed = 00:00:06 . Memory (MB): peak = 892.723 ; gain = 151.137
WARNING: [filemgmt 20-1445] Cannot import file 'Z:/CS-401-1-CompArch/MIPS3/modified__mips_fpga_nexsys4_ddr/mips.srcs/sources_1/imports/new/memfile_5.dat' on top of itself. Importing a file from the imported source directory can cause this problem.
add_files -norecurse Z:/CS-401-1-CompArch/MIPS3/modified__mips_fpga_nexsys4_ddr/mips.srcs/sources_1/imports/new/memfile_5.dat
launch_simulation
INFO: [Vivado 12-5682] Launching behavioral simulation in 'Z:/CS-401-1-CompArch/MIPS3/modified__mips_fpga_nexsys4_ddr/mips.sim/sim_1/behav/xsim'
INFO: [SIM-utils-51] Simulation object is 'sim_1'
INFO: [SIM-utils-54] Inspecting design source files for 'mips_testbench' in fileset 'sim_1'...
INFO: [SIM-utils-43] Exported 'Z:/CS-401-1-CompArch/MIPS3/modified__mips_fpga_nexsys4_ddr/mips.sim/sim_1/behav/xsim/memfile.dat'
INFO: [SIM-utils-43] Exported 'Z:/CS-401-1-CompArch/MIPS3/modified__mips_fpga_nexsys4_ddr/mips.sim/sim_1/behav/xsim/memfile_2.dat'
INFO: [SIM-utils-43] Exported 'Z:/CS-401-1-CompArch/MIPS3/modified__mips_fpga_nexsys4_ddr/mips.sim/sim_1/behav/xsim/memfile_3.dat'
INFO: [SIM-utils-43] Exported 'Z:/CS-401-1-CompArch/MIPS3/modified__mips_fpga_nexsys4_ddr/mips.sim/sim_1/behav/xsim/memfile_4.dat'
INFO: [SIM-utils-43] Exported 'Z:/CS-401-1-CompArch/MIPS3/modified__mips_fpga_nexsys4_ddr/mips.sim/sim_1/behav/xsim/memfile_5.dat'
INFO: [USF-XSim-97] Finding global include files...
INFO: [USF-XSim-100] Fetching design files from 'sources_1'...(this may take a while)...
INFO: [USF-XSim-101] Fetching design files from 'sim_1'...
INFO: [USF-XSim-2] XSim::Compile design
INFO: [USF-XSim-61] Executing 'COMPILE and ANALYZE' step in 'Z:/CS-401-1-CompArch/MIPS3/modified__mips_fpga_nexsys4_ddr/mips.sim/sim_1/behav/xsim'
"xvhdl --incr --relax -prj mips_testbench_vhdl.prj"
INFO: [USF-XSim-69] 'compile' step finished in '2' seconds
INFO: [USF-XSim-3] XSim::Elaborate design
INFO: [USF-XSim-61] Executing 'ELABORATE' step in 'Z:/CS-401-1-CompArch/MIPS3/modified__mips_fpga_nexsys4_ddr/mips.sim/sim_1/behav/xsim'
INFO: [Common 17-41] Interrupt caught. Command should exit soon.
Vivado Simulator 2018.2
Copyright 1986-1999, 2001-2018 Xilinx, Inc. All Rights Reserved.
Running: C:/Xilinx/Vivado/2018.2/bin/unwrapped/win64.o/xelab.exe -wto bfc6d33675f34e59a51d26a1983c03b4 --incr --debug typical --relax --mt 2 -L xil_defaultlib -L secureip --snapshot mips_testbench_behav xil_defaultlib.mips_testbench -log elaborate.log 
Using 2 slave threads.
Starting static elaboration
INFO: [Common 17-344] 'run_program' was cancelled
INFO: [Vivado 12-5357] 'elaborate' step aborted
launch_simulation: Time (s): cpu = 00:00:01 ; elapsed = 00:00:06 . Memory (MB): peak = 917.602 ; gain = 0.000
INFO: [Common 17-344] 'launch_simulation' was cancelled
launch_simulation
INFO: [Vivado 12-5682] Launching behavioral simulation in 'Z:/CS-401-1-CompArch/MIPS3/modified__mips_fpga_nexsys4_ddr/mips.sim/sim_1/behav/xsim'
INFO: [SIM-utils-51] Simulation object is 'sim_1'
INFO: [SIM-utils-54] Inspecting design source files for 'mips_testbench' in fileset 'sim_1'...
INFO: [SIM-utils-43] Exported 'Z:/CS-401-1-CompArch/MIPS3/modified__mips_fpga_nexsys4_ddr/mips.sim/sim_1/behav/xsim/memfile.dat'
INFO: [SIM-utils-43] Exported 'Z:/CS-401-1-CompArch/MIPS3/modified__mips_fpga_nexsys4_ddr/mips.sim/sim_1/behav/xsim/memfile_2.dat'
INFO: [SIM-utils-43] Exported 'Z:/CS-401-1-CompArch/MIPS3/modified__mips_fpga_nexsys4_ddr/mips.sim/sim_1/behav/xsim/memfile_3.dat'
INFO: [SIM-utils-43] Exported 'Z:/CS-401-1-CompArch/MIPS3/modified__mips_fpga_nexsys4_ddr/mips.sim/sim_1/behav/xsim/memfile_4.dat'
INFO: [SIM-utils-43] Exported 'Z:/CS-401-1-CompArch/MIPS3/modified__mips_fpga_nexsys4_ddr/mips.sim/sim_1/behav/xsim/memfile_5.dat'
INFO: [USF-XSim-97] Finding global include files...
INFO: [USF-XSim-100] Fetching design files from 'sources_1'...(this may take a while)...
INFO: [USF-XSim-101] Fetching design files from 'sim_1'...
INFO: [USF-XSim-2] XSim::Compile design
INFO: [USF-XSim-61] Executing 'COMPILE and ANALYZE' step in 'Z:/CS-401-1-CompArch/MIPS3/modified__mips_fpga_nexsys4_ddr/mips.sim/sim_1/behav/xsim'
"xvhdl --incr --relax -prj mips_testbench_vhdl.prj"
INFO: [VRFC 10-163] Analyzing VHDL file "Z:/CS-401-1-CompArch/MIPS3/modified__mips_fpga_nexsys4_ddr/mips.srcs/sources_1/imports/new/mips_mem_instructions.vhd" into library xil_defaultlib
INFO: [VRFC 10-307] analyzing entity imem
INFO: [USF-XSim-69] 'compile' step finished in '2' seconds
INFO: [USF-XSim-3] XSim::Elaborate design
INFO: [USF-XSim-61] Executing 'ELABORATE' step in 'Z:/CS-401-1-CompArch/MIPS3/modified__mips_fpga_nexsys4_ddr/mips.sim/sim_1/behav/xsim'
Vivado Simulator 2018.2
Copyright 1986-1999, 2001-2018 Xilinx, Inc. All Rights Reserved.
Running: C:/Xilinx/Vivado/2018.2/bin/unwrapped/win64.o/xelab.exe -wto bfc6d33675f34e59a51d26a1983c03b4 --incr --debug typical --relax --mt 2 -L xil_defaultlib -L secureip --snapshot mips_testbench_behav xil_defaultlib.mips_testbench -log elaborate.log 
Using 2 slave threads.
Starting static elaboration
Completed static elaboration
Starting simulation data flow analysis
Completed simulation data flow analysis
Time Resolution for simulation is 1ps
Compiling package std.standard
Compiling package std.textio
Compiling package ieee.std_logic_1164
Compiling package ieee.std_logic_arith
Compiling package ieee.std_logic_unsigned
Compiling package ieee.numeric_std
Compiling package ieee.math_real
Compiling architecture behave of entity xil_defaultlib.maindec [maindec_default]
Compiling architecture behave of entity xil_defaultlib.aludec [aludec_default]
Compiling architecture behavioral of entity xil_defaultlib.branch_mux [branch_mux_default]
Compiling architecture struct of entity xil_defaultlib.controller [controller_default]
Compiling architecture asynchronous of entity xil_defaultlib.flopr [\flopr(width=32)\]
Compiling architecture behave of entity xil_defaultlib.adder [\adder(width=32)\]
Compiling architecture behave of entity xil_defaultlib.sl2 [\sl2(width=32)\]
Compiling architecture behave of entity xil_defaultlib.mux2 [\mux2(width=32)\]
Compiling architecture behave of entity xil_defaultlib.regfile [\regfile(width=32)\]
Compiling architecture behave of entity xil_defaultlib.mux2 [\mux2(width=5)\]
Compiling architecture behave of entity xil_defaultlib.signext [\signext(width=32)\]
Compiling architecture behave of entity xil_defaultlib.alu [\alu(width=32)\]
Compiling architecture struct of entity xil_defaultlib.datapath [\datapath(width=32)\]
Compiling architecture struct of entity xil_defaultlib.mips [\mips(width=32)\]
Compiling architecture behave of entity xil_defaultlib.imem [\imem(width=32)\]
Compiling architecture behave of entity xil_defaultlib.dmem [\dmem(width=32)\]
Compiling architecture mips_top of entity xil_defaultlib.mips_top [mips_top_default]
Compiling architecture mips_testbench of entity xil_defaultlib.mips_testbench
Built simulation snapshot mips_testbench_behav
INFO: [USF-XSim-69] 'elaborate' step finished in '5' seconds
INFO: [USF-XSim-4] XSim::Simulate design
INFO: [USF-XSim-61] Executing 'SIMULATE' step in 'Z:/CS-401-1-CompArch/MIPS3/modified__mips_fpga_nexsys4_ddr/mips.sim/sim_1/behav/xsim'
INFO: [USF-XSim-98] *** Running xsim
   with args "mips_testbench_behav -key {Behavioral:sim_1:Functional:mips_testbench} -tclbatch {mips_testbench.tcl} -view {Z:/CS-401-1-CompArch/MIPS3/modified__mips_fpga_nexsys4_ddr/simulation_waveform_order.wcfg} -log {simulate.log}"
INFO: [USF-XSim-8] Loading simulator feature
Vivado Simulator 2018.2
Time resolution is 1 ps
open_wave_config Z:/CS-401-1-CompArch/MIPS3/modified__mips_fpga_nexsys4_ddr/simulation_waveform_order.wcfg
source mips_testbench.tcl
# set curr_wave [current_wave_config]
# if { [string length $curr_wave] == 0 } {
#   if { [llength [get_objects]] > 0} {
#     add_wave /
#     set_property needs_save false [current_wave_config]
#   } else {
#      send_msg_id Add_Wave-1 WARNING "No top level signals found. Simulator will start without a wave window. If you want to open a wave window go to 'File->New Waveform Configuration' or type 'create_wave_config' in the TCL console."
#   }
# }
# run 1000ns
INFO: [USF-XSim-96] XSim completed. Design snapshot 'mips_testbench_behav' loaded.
INFO: [USF-XSim-97] XSim simulation ran for 1000ns
launch_simulation: Time (s): cpu = 00:00:05 ; elapsed = 00:00:10 . Memory (MB): peak = 938.922 ; gain = 17.113
restart
INFO: [Simtcl 6-17] Simulation restarted
run 10 ns
run 10 ns
run 10 ns
run 10 ns
run 10 ns
run 10 ns
run 10 ns
run 10 ns
run 10 ns
run 10 ns
run 10 ns
run 10 ns
close_sim
INFO: [Simtcl 6-16] Simulation closed
exit
INFO: [Common 17-206] Exiting Vivado at Tue Mar  5 17:36:50 2019...
